Content-Type: text/plain; charset="utf-8"
MIME-Version: 1.0
Content-Transfer-Encoding: 8bit
Subject: Contact Form Inquiry: Net
From: info@hyperwave.co.ke
To: info@hyperwave.co.ke
Date: Sat, 21 Jun 2025 02:37:17 -0000
Message-ID: <175047343760.10816.1759192926947115590@Trojan>

New Contact Form Submission - Hyperwave Networks

Contact Details:
• Name: Light BeamAC
• Email: harrisoniduyo@gmail.com
• Subject: Net

Message:
test okay .... okaya

---
This message was sent through the Hyperwave Networks contact form.
Please respond directly to the sender at: harrisoniduyo@gmail.com

IP Address: 127.0.0.1
User Agent: Mozilla/5.0 (Windows NT 10.0; Win64; x64) AppleWebKit/537.36 (KHTML, like Gecko) Chrome/137.0.0.0 Sa
-------------------------------------------------------------------------------
Content-Type: text/plain; charset="utf-8"
MIME-Version: 1.0
Content-Transfer-Encoding: 7bit
Subject: Thank you for contacting Hyperwave Networks - Net
From: info@hyperwave.co.ke
To: harrisoniduyo@gmail.com
Date: Sat, 21 Jun 2025 02:37:17 -0000
Message-ID: <175047343760.10816.12737747899946854116@Trojan>

Dear Light BeamAC,

Thank you for contacting Hyperwave Networks! We have received your message regarding "Net" and appreciate your interest in our services.

Our team will review your inquiry and respond within 24 hours during business hours (Monday - Saturday, 9:00 AM - 6:00 PM).

For urgent matters, please feel free to call us at +254 731 567993 or visit our office at:
Shopping Mall, Kincar Utawala, Nairobi, Kenya

Your Original Message:
test okay .... okaya

Best regards,
The Hyperwave Networks Team

---
Hyperwave Networks
Email: Info@hyperwave.co.ke
Phone: +254 731 567993
Web: www.hyperwave.co.ke
-------------------------------------------------------------------------------
