Content-Type: text/plain; charset="utf-8"
MIME-Version: 1.0
Content-Transfer-Encoding: 8bit
Subject: Contact Form Inquiry: PAYMENT
From: info@hyperwave.co.ke
To: info@hyperwave.co.ke
Date: Sat, 21 Jun 2025 02:29:26 -0000
Message-ID: <175047296618.10816.2307297683195618435@Trojan>

New Contact Form Submission - Hyperwave Networks

Contact Details:
• Name: Joseph Mwalimu
• Email: harrisoniduyo@gmail.com
• Subject: PAYMENT

Message:
Helo how about it

---
This message was sent through the Hyperwave Networks contact form.
Please respond directly to the sender at: harrisoniduyo@gmail.com

IP Address: 127.0.0.1
User Agent: Mozilla/5.0 (Windows NT 10.0; Win64; x64) AppleWebKit/537.36 (KHTML, like Gecko) Chrome/137.0.0.0 Sa
-------------------------------------------------------------------------------
