Content-Type: text/plain; charset="utf-8"
MIME-Version: 1.0
Content-Transfer-Encoding: 7bit
Subject: Thank you for contacting Hyperwave Networks - TEST THE SITE
From: info@hyperwave.co.ke
To: harrisoniduyo@gmail.com
Date: Sat, 21 Jun 2025 02:33:45 -0000
Message-ID: <175047322556.10816.1120954203887543001@Trojan>

Dear admin,

Thank you for contacting Hyperwave Networks! We have received your message regarding "TEST THE SITE" and appreciate your interest in our services.

Our team will review your inquiry and respond within 24 hours during business hours (Monday - Saturday, 9:00 AM - 6:00 PM).

For urgent matters, please feel free to call us at +254 731 567993 or visit our office at:
Shopping Mall, Kincar Utawala, Nairobi, Kenya

Your Original Message:
test okay but i needs clarity

Best regards,
The Hyperwave Networks Team

---
Hyperwave Networks
Email: Info@hyperwave.co.ke
Phone: +254 731 567993
Web: www.hyperwave.co.ke
-------------------------------------------------------------------------------
