Content-Type: text/plain; charset="utf-8"
MIME-Version: 1.0
Content-Transfer-Encoding: 8bit
Subject: Contact Form Inquiry: Net
From: info@hyperwave.co.ke
To: info@hyperwave.co.ke
Date: Sat, 21 Jun 2025 02:28:39 -0000
Message-ID: <175047291987.10816.6113330304285356924@Trojan>

New Contact Form Submission - Hyperwave Networks

Contact Details:
• Name: Harrison Iduyo
• Email: harrisoniduyo@gmail.com
• Subject: Net

Message:
I need internet today

---
This message was sent through the Hyperwave Networks contact form.
Please respond directly to the sender at: harrisoniduyo@gmail.com

IP Address: 127.0.0.1
User Agent: Mozilla/5.0 (Windows NT 10.0; Win64; x64) AppleWebKit/537.36 (KHTML, like Gecko) Chrome/137.0.0.0 Sa
-------------------------------------------------------------------------------
