Content-Type: text/plain; charset="utf-8"
MIME-Version: 1.0
Content-Transfer-Encoding: 7bit
Subject: Thank you for contacting Hyperwave Networks - PAYMENT
From: info@hyperwave.co.ke
To: harrisoniduyo@gmail.com
Date: Tue, 17 Jun 2025 12:32:52 -0000
Message-ID: <175016357203.12820.2422675612664835584@Trojan>

Dear Harrison Iduyo,

Thank you for contacting Hyperwave Networks! We have received your message regarding "PAYMENT" and appreciate your interest in our services.

Our team will review your inquiry and respond within 24 hours during business hours (Monday - Saturday, 9:00 AM - 6:00 PM).

For urgent matters, please feel free to call us at +254 731 567993 or visit our office at:
Shopping Mall, Kincar Utawala, Nairobi, Kenya

Your Original Message:
HELLO PLEASE SHARE PAYMENT DETAILS

Best regards,
The Hyperwave Networks Team

---
Hyperwave Networks
Email: Info@hyperwave.co.ke
Phone: +254 731 567993
Web: www.hyperwave.co.ke
-------------------------------------------------------------------------------
