Content-Type: text/plain; charset="utf-8"
MIME-Version: 1.0
Content-Transfer-Encoding: 8bit
Subject: Contact Form Inquiry: CS REPORT
From: info@hyperwave.co.ke
To: info@hyperwave.co.ke
Date: Tue, 17 Jun 2025 12:33:55 -0000
Message-ID: <175016363539.12820.3050712805546514954@Trojan>

New Contact Form Submission - Hyperwave Networks

Contact Details:
• Name: Harrison Iduyo
• Email: hyperwavenetworks21@gmail.com
• Subject: CS REPORT

Message:
Hello i need net here at my home ASAP

---
This message was sent through the Hyperwave Networks contact form.
Please respond directly to the sender at: hyperwavenetworks21@gmail.com

IP Address: 127.0.0.1
User Agent: Mozilla/5.0 (Windows NT 10.0; Win64; x64) AppleWebKit/537.36 (KHTML, like Gecko) Chrome/137.0.0.0 Sa
-------------------------------------------------------------------------------
